<!DOCTYPE suite SYSTEM "http://testng.org/testng-1.0.dtd" >

<suite name="TestAll">

	<!--<test name="main"> -->
		<!--<classes> -->
			<!--<class name="com.mcd.spider.main.SpiderMainTest" /> -->
		<!--</classes> -->
	<!--</test> -->
	
	<test name="util">
		<classes>
			<class name="com.mcd.spider.util.io.RecordIOUtilTest" />
			<class name="com.mcd.spider.util.io.RecordInputUtilTest" />
			<class name="com.mcd.spider.util.io.RecordOutputUtilTest" />
		</classes>
	</test>

	<test name="entities">
		<classes>
			<class name="com.mcd.spider.entities.record.RecordTest" />
			<class name="com.mcd.spider.entities.record.ArrestRecordTest" />
			<class name="com.mcd.spider.entities.record.filter.RecordFilterTest" />
		</classes>
	</test>

	<test name="engine">
		<classes>
			<class name="com.mcd.spider.engine.SpiderEngineTest" />
		</classes>
	</test>

	<!-- <test name="engine.record">
		<classes>
			<class name="com.mcd.spider.engine.record.various.ArrestsDotOrgEngineTest" />
		</classes>
	</test> -->
	
</suite>