<!DOCTYPE suite SYSTEM "http://testng.org/testng-1.0.dtd" >

<suite name="TestAll">

    <!--<test name="main">-->
        <!--<classes>-->
            <!--<class name="com.mcd.spider.main.SpiderMainTest" />-->
        <!--</classes>-->
    <!--</test>-->

    <test name="util">
        <classes>
            <class name="com.mcd.spider.entities.record.RecordTest" />
            <class name="com.mcd.spider.util.io.RecordIOUtilTest" />
            <class name="com.mcd.spider.util.io.RecordInputUtilTest" />
        </classes>
    </test>

    <test name="entities">
        <classes>
            <class name="com.mcd.spider.util.io.RecordInputUtilTest" />
            <class name="com.mcd.spider.entities.record.RecordTest" />
            <class name="com.mcd.spider.entities.record.ArrestRecordTest" />
        </classes>
    </test>

    <test name="engine">
        <classes>
        </classes>
    </test>

</suite>